[09:11:11] The config C:\Users\Ben\Desktop\minecraft\Project Bear4\plugins\Umbaska\config.yml is up to date (version 6)
[09:11:11] odule Manager] Checking C:\Users\Ben\Desktop\minecraft\Project Bear4\plugins\Umbaska\modules\Core.jar
[09:11:11] odule Manager] Loading module Core v0.1.0 (1)
[09:11:11] odule Manager] Enabling module Core v0.1.0 (1)
[09:11:11] Found 51 elements to register out of 87 classes in package uk.co.umbaska.modules.misc
[09:11:11] Checking uk.co.umbaska.modules.misc.betatesting.CopyOfEffLateRegister
[09:11:11] [Fail] Couldn't register this effect because the Syntaxes annotation is null
[09:11:11] Checking uk.co.umbaska.modules.misc.betatesting.EffLateRegister
[09:11:11] Registering a(n) effect with syntax: perform a late register
[09:11:11] Checking uk.co.umbaska.modules.misc.conditions.CondAlwaysFalse
[09:11:11] Registering a(n) condition with syntax: always false
[09:11:11] And: never true
[09:11:11] And: (skript|umbaska) is not great
[09:11:11] Checking uk.co.umbaska.modules.misc.conditions.CondAlwaysTrue
[09:11:11] Registering a(n) condition with syntax: always true
[09:11:11] And: never false
[09:11:11] And: (skript|umbaska) is great
[09:11:11] Checking uk.co.umbaska.modules.misc.effects.EffDisableAllPlugins
[09:11:11] Registering a(n) effect with syntax: disable all plugins
[09:11:11] And: disable every plugin
[09:11:11] Checking uk.co.umbaska.modules.misc.effects.EffEvaluateSkriptCode
[09:11:11] [uk.co.umbaska.modules.misc.effects.EffEvaluateSkriptCode] Detected annotation DontRegister. Aborting.
[09:11:11] Checking uk.co.umbaska.modules.misc.effects.EffThrowRuntimeException
[09:11:11] Registering a(n) effect with syntax: throw [a] runtime[ ]exception
[09:11:11] Checking uk.co.umbaska.modules.misc.effects.ExecuteSkriptCodeFromText
[09:11:11] Registering a(n) effect with syntax: execute [(skript|script)] code [from (text|lines)] %strings%
[09:11:11] Checking uk.co.umbaska.modules.misc.effects.LoadScriptFromText
[09:11:11] Registering a(n) effect with syntax: load [a] (script|skript) from (text|lines) %strings%
[09:11:11] Checking uk.co.umbaska.modules.misc.expressions.ExprClassNameOfObject
[09:11:11] Registering a(n) expression with syntax: [the] class[[ ]name] of [the] [object] %object%
[09:11:11] And: [the] name of [the] class of [the] [object] %object%
[09:11:11] Checking uk.co.umbaska.modules.misc.expressions.ExprFullTime
[09:11:11] Registering a(n) expression with syntax: (full|total)[ ]time of %world%
[09:11:11] And: %world%'s (full|total)[ ]time
[09:11:11] Checking uk.co.umbaska.modules.misc.expressions.ExprJsonArray
[09:11:11] Registering a(n) expression with syntax: json (string|text) %string% from [json] %string%
[09:11:11] Checking uk.co.umbaska.modules.misc.expressions.ExprJsonString
[09:11:11] Registering a(n) expression with syntax: json (string|text) %string% from [json] %string%
[09:11:11] Checking uk.co.umbaska.modules.misc.expressions.ExprModuleVersion
[09:11:11] Registering a(n) expression with syntax: [the] version [string] of [the] [umbaska] module [(named|with name)] %string%
[09:11:11] Checking uk.co.umbaska.modules.misc.expressions.ExprNewChunk
[09:11:11] Registering a(n) expression with syntax: new chunk
[09:11:11] Checking uk.co.umbaska.modules.misc.expressions.ExprNewLine
[09:11:11] Registering a(n) expression with syntax: new[ ]line
[09:11:11] And: nl
[09:11:11] And: system line
[09:11:11] Checking uk.co.umbaska.modules.misc.expressions.ExprObjectAtPosition
[09:11:11] Registering a(n) expression with syntax: %*classinfo% at [the] pos[ition] %number% (of|in) [the] [(list|array)] %objects%
[09:11:11] Checking uk.co.umbaska.modules.misc.expressions.ExprOldChunk
[09:11:11] Registering a(n) expression with syntax: old chunk
[09:11:11] Checking uk.co.umbaska.modules.misc.expressions.ExprPastebin
[09:11:11] [uk.co.umbaska.modules.misc.expressions.ExprPastebin] Detected annotation DontRegister. Aborting.
[09:11:11] Checking uk.co.umbaska.modules.misc.expressions.ExprPlayersFlying
[09:11:11] Registering a(n) expression with syntax: %players% flying
[09:11:11] And: flying %players%
[09:11:11] Checking uk.co.umbaska.modules.misc.expressions.ExprPlayersInsideVehicle
[09:11:11] Registering a(n) expression with syntax: %players% [(driving|riding)] (in[side]|on) [a] vehicle[s]
[09:11:11] Checking uk.co.umbaska.modules.misc.expressions.ExprPlayersInWorld
[09:11:11] Registering a(n) expression with syntax: %players% in world %world%
[09:11:11] Checking uk.co.umbaska.modules.misc.expressions.ExprPlayersSleeping
[09:11:11] Registering a(n) expression with syntax: %players% sleeping
[09:11:11] And: sleeping %players%
[09:11:11] Checking uk.co.umbaska.modules.misc.expressions.ExprPlayersSneaking
[09:11:11] Registering a(n) expression with syntax: %players% sneaking
[09:11:11] And: sneaking %players%
[09:11:11] Checking uk.co.umbaska.modules.misc.expressions.ExprPlayersWithPermission
[09:11:11] Registering a(n) expression with syntax: %players% with perm[ission[[ ]node]] %string%
[09:11:11] Checking uk.co.umbaska.modules.misc.expressions.ExprTab
[09:11:11] Registering a(n) expression with syntax: new[ ]line
[09:11:11] And: tab [char[acter]]
[09:11:11] Checking uk.co.umbaska.modules.misc.expressions.ExprTimeSpanToUnits
[09:11:11] Registering a(n) expression with syntax: %timespan% converted to milliseconds
[09:11:11] And: %timespan% converted to seconds
[09:11:11] And: %timespan% converted to minutes
[09:11:11] And: %timespan% converted to hours
[09:11:11] And: %timespan% converted to days
[09:11:11] And: %timespan% converted to ticks
[09:11:11] And: %timespan% converted to (minecraft|mc) minutes
[09:11:11] And: %timespan% converted to (minecraft|mc) hours
[09:11:11] And: %timespan% converted to (minecraft|mc) days
[09:11:11] Checking uk.co.umbaska.modules.misc.expressions.ExprUnitsFromTimeSpanDate
[09:11:11] Registering a(n) expression with syntax: millisecond[s] (of|from) %date/timespan%
[09:11:11] And: second[s] (of|from) %date/timespan%
[09:11:11] And: minute[s] (of|from) %date/timespan%
[09:11:11] And: hour[s] [of day] (of|from) %date/timespan%
[09:11:11] And: day[s] of week (of|from) %date/timespan%
[09:11:11] And: day[s] of month (of|from) %date/timespan%
[09:11:11] And: day[s] of year (of|from) %date/timespan%
[09:11:11] And: week[s] of month (of|from) %date/timespan%
[09:11:11] And: week[s] of year (of|from) %date/timespan%
[09:11:11] And: month[s] (of|from) %date/timespan%
[09:11:11] And: year[s] (of|from) %date/timespan%
[09:11:11] Checking uk.co.umbaska.modules.misc.expressions.ExprUrlDecodedText
[09:11:11] Registering a(n) expression with syntax: url decoded %string%
[09:11:11] Checking uk.co.umbaska.modules.misc.expressions.ExprUrlEncodedText
[09:11:11] Registering a(n) expression with syntax: url encoded %string%
[09:11:11] Checking uk.co.umbaska.modules.misc.factions.EffClaimLand
[09:11:11] The dependency Factions cannot be resolved, so I'm not going to register this effect
[09:11:11] Checking uk.co.umbaska.modules.misc.factions.EffCreateFaction
[09:11:11] The dependency Factions cannot be resolved, so I'm not going to register this effect
[09:11:11] Checking uk.co.umbaska.modules.misc.factions.EffInvitePlayer
[09:11:11] The dependency Factions cannot be resolved, so I'm not going to register this effect
[09:11:11] Checking uk.co.umbaska.modules.misc.factions.EffKickPlayer
[09:11:11] The dependency Factions cannot be resolved, so I'm not going to register this effect
[09:11:11] Checking uk.co.umbaska.modules.misc.factions.EffUnClaimLand
[09:11:11] The dependency Factions cannot be resolved, so I'm not going to register this effect
[09:11:11] Checking uk.co.umbaska.modules.misc.factions.ExprAllFactions
[09:11:11] The dependency Factions cannot be resolved, so I'm not going to register this expression
[09:11:11] Checking uk.co.umbaska.modules.misc.factions.ExprAlliesOfFaction
[09:11:11] The dependency Factions cannot be resolved, so I'm not going to register this expression
[09:11:11] Checking uk.co.umbaska.modules.misc.factions.ExprDescriptionOfFaction
[09:11:11] The dependency Factions cannot be resolved, so I'm not going to register this simple property expression
[09:11:11] Checking uk.co.umbaska.modules.misc.factions.ExprEnemiesOfFaction
[09:11:11] The dependency Factions cannot be resolved, so I'm not going to register this expression
[09:11:11] Checking uk.co.umbaska.modules.misc.factions.ExprFactionAtLocation
[09:11:11] The dependency Factions cannot be resolved, so I'm not going to register this expression
[09:11:11] Checking uk.co.umbaska.modules.misc.factions.ExprFactionOfPlayer
[09:11:11] The dependency Factions cannot be resolved, so I'm not going to register this simple property expression
[09:11:11] Checking uk.co.umbaska.modules.misc.factions.ExprHomeOfFaction
[09:11:11] The dependency Factions cannot be resolved, so I'm not going to register this simple property expression
[09:11:11] Checking uk.co.umbaska.modules.misc.factions.ExprMOTDOfFaction
[09:11:11] The dependency Factions cannot be resolved, so I'm not going to register this simple property expression
[09:11:11] Checking uk.co.umbaska.modules.misc.factions.ExprNameOfFaction
[09:11:11] The dependency Factions cannot be resolved, so I'm not going to register this simple property expression
[09:11:11] Checking uk.co.umbaska.modules.misc.factions.ExprPlayersOfFaction
[09:11:11] The dependency Factions cannot be resolved, so I'm not going to register this expression
[09:11:11] Checking uk.co.umbaska.modules.misc.factions.TypeFactionsRelation
[09:11:11] [uk.co.umbaska.modules.misc.factions.TypeFactionsRelation] The dependency Factions cannot be resolved, so I'm not going to register this type
[09:11:11] Checking uk.co.umbaska.modules.misc.umbaccess.EffInvokeMethod
[09:11:11] Registering a(n) effect with syntax: invoke [[u]method] %umethod% [with param[eter][s] %-objects%]
[09:11:11] Checking uk.co.umbaska.modules.misc.umbaccess.ExprMethod
[09:11:11] Registering a(n) expression with syntax: method %string% with param[eter] type[s] %strings% (of|from) [[u]class] %uclazz%
[09:11:11] And: method %string% (of|from) [[u]clazz] %uclazz% with param[eter] type[s] %strings%
[09:11:11] Checking uk.co.umbaska.modules.misc.umbaccess.TypeUClass
[09:11:11] Registering type with code name uclazz
[09:11:11] Checking uk.co.umbaska.modules.misc.umbaccess.TypeUMethod
[09:11:11] Registering type with code name umethod
[09:11:11] Checking uk.co.umbaska.modules.misc.yaml.ExprGetValue
[09:11:11] Registering a(n) expression with syntax: [yaml] value [from] [path] %string% in [file] %string%
[09:11:11] odule Manager] All modules have been enabled and hooked into Skript!
